<?xml version="1.0" encoding="UTF-8"?>
<testsuite name="repository.UserRepositoryTests" tests="1" skipped="0" failures="0" errors="0" timestamp="2022-09-15T18:54:41" hostname="HALDIS" time="1.113">
  <properties/>
  <testcase name="basic entity checks()" classname="repository.UserRepositoryTests" time="1.113"/>
  <system-out><![CDATA[15:54:41.447 [Test worker] INFO  org.hibernate.Version - HHH000412: Hibernate ORM core version 5.6.10.Final
15:54:41.687 [Test worker] INFO  o.h.annotations.common.Version - HCANN000001: Hibernate Commons Annotations {5.1.2.Final}
15:54:41.745 [Test worker] WARN  o.hibernate.orm.connections.pooling - HHH10001002: Using Hibernate built-in connection pool (not for production use!)
15:54:41.748 [Test worker] INFO  o.hibernate.orm.connections.pooling - HHH10001005: using driver [com.mysql.cj.jdbc.Driver] at URL [jdbc:mysql://localhost:3306/gav?createDatabaseIfNotExist=true&serverTimezone=UTC]
15:54:41.748 [Test worker] INFO  o.hibernate.orm.connections.pooling - HHH10001001: Connection properties: {password=****, user=root}
15:54:41.748 [Test worker] INFO  o.hibernate.orm.connections.pooling - HHH10001003: Autocommit mode: false
15:54:41.750 [Test worker] INFO  o.h.e.j.c.i.DriverManagerConnectionProviderImpl - HHH000115: Hibernate connection pool size: 20 (min=1)
15:54:41.970 [Test worker] INFO  org.hibernate.dialect.Dialect - HHH000400: Using dialect: org.hibernate.dialect.MySQL8Dialect
Hibernate: drop table if exists user
15:54:42.288 [Test worker] INFO  org.hibernate.orm.connections.access - HHH10001501: Connection obtained from JdbcConnectionAccess [org.hibernate.engine.jdbc.env.internal.JdbcEnvironmentInitiator$ConnectionProviderJdbcConnectionAccess@307cf964] for (non-JTA) DDL execution was not in auto-commit mode; the Connection 'local transaction' will be committed and the Connection will be set into auto-commit mode.
Hibernate: create table user (id BINARY(16) not null, emailAddress varchar(255), firstName varchar(255), lastName varchar(255), telephoneNumber varchar(255), type varchar(255), primary key (id)) engine=InnoDB
15:54:42.308 [Test worker] INFO  org.hibernate.orm.connections.access - HHH10001501: Connection obtained from JdbcConnectionAccess [org.hibernate.engine.jdbc.env.internal.JdbcEnvironmentInitiator$ConnectionProviderJdbcConnectionAccess@6d6cd1e0] for (non-JTA) DDL execution was not in auto-commit mode; the Connection 'local transaction' will be committed and the Connection will be set into auto-commit mode.
15:54:42.328 [Test worker] INFO  o.h.e.t.j.p.i.JtaPlatformInitiator - HHH000490: Using JtaPlatform implementation: [org.hibernate.engine.transaction.jta.platform.internal.NoJtaPlatform]
Hibernate: insert into user (emailAddress, firstName, lastName, telephoneNumber, type, id) values (?, ?, ?, ?, ?, ?)
]]></system-out>
  <system-err><![CDATA[]]></system-err>
</testsuite>
